<?xml version="1.0" encoding="UTF-8"?>
<!-- Generated by org.testng.reporters.JUnitXMLReporter -->
<testsuite hostname="DESKTOP-PAG85HE" ignored="0" name="Test" tests="2" failures="0" timestamp="11 Jun 2019 15:45:46 GMT" time="13.358" errors="0">
  <testcase name="Valid_Login" time="2.263" classname="com.selenium.test.tadashboard.testcases.DA_LOGIN_TC001_LoginDashboard"/>
  <testcase name="Login_Invalid_Credential" time="0.986" classname="com.selenium.test.tadashboard.testcases.DA_LOGIN_TC001_LoginDashboard"/>
</testsuite> <!-- Test -->
